<?xml version="1.0" encoding="UTF-8"?>
<!-- Generated by org.testng.reporters.JUnitReportReporter -->
<testsuite skipped="0" hostname="piyush" name="resources.TestSetUpBase" tests="1" failures="0" timestamp="13 Jul 2018 01:15:26 GMT" time="17.854" errors="0">
  <testcase name="pageLoad" time="17.854" classname="resources.TestSetUpBase"/>
</testsuite> <!-- resources.TestSetUpBase -->
