<?xml version="1.0" encoding="UTF-8"?>
<!-- Generated by org.testng.reporters.JUnitReportReporter -->
<testsuite hostname="piyush" name="AutomationChallenge.Test1" tests="1" failures="0" timestamp="12 Jul 2018 20:50:04 GMT" time="11.938" errors="0">
  <testcase name="pageLoad" time="11.938" classname="AutomationChallenge.Test1"/>
</testsuite> <!-- AutomationChallenge.Test1 -->
